<?xml version="1.0" encoding="UTF-8"?>
<!-- Generated by org.testng.reporters.JUnitXMLReporter -->
<testsuite ignored="2" hostname="DESKTOP-LFNQ669" failures="0" tests="2" name="GRP-bvt" time="0.055" errors="0" timestamp="2022-05-18T18:48:37 EDT">
  <testcase classname="ui.GroupDemo" name="bTest2" time="0.008"/>
  <testcase classname="ui.GroupDemo" name="bTest3" time="0.002"/>
  <testcase classname="ui.GroupDemo" name="blogoutTest" time="0.0">
    <ignored/>
  </testcase> <!-- blogoutTest -->
  <testcase classname="ui.GroupDemo" name="aloginTest" time="0.0">
    <ignored/>
  </testcase> <!-- aloginTest -->
</testsuite> <!-- GRP-bvt -->
