<?xml version="1.0" encoding="UTF-8"?>
<!-- Generated by org.testng.reporters.JUnitXMLReporter -->
<testsuite ignored="1" hostname="DESKTOP-LFNQ669" failures="0" tests="2" name="GRP-regression" time="0.077" errors="0" timestamp="2022-05-19T15:01:10 EDT">
  <testcase classname="ui.LoginTest" name="dloginTest" time="0.009"/>
  <testcase classname="ui.LoginTest" name="alogoutTest" time="0.002"/>
  <testcase classname="ui.LoginTest" name="signinTest" time="0.0">
    <ignored/>
  </testcase> <!-- signinTest -->
</testsuite> <!-- GRP-regression -->
