<?xml version="1.0" encoding="UTF-8"?>
<!-- Generated by org.testng.reporters.JUnitXMLReporter -->
<testsuite ignored="0" hostname="DESKTOP-LFNQ669" failures="0" tests="4" name="GRP-user-registration" time="0.067" errors="0" timestamp="2022-05-18T18:51:27 EDT">
  <testcase classname="ui.GroupDemo" name="bTest2" time="0.008"/>
  <testcase classname="ui.GroupDemo" name="bTest3" time="0.001"/>
  <testcase classname="ui.GroupDemo" name="aloginTest" time="0.001"/>
  <testcase classname="ui.GroupDemo" name="blogoutTest" time="0.002"/>
</testsuite> <!-- GRP-user-registration -->
