<?xml version="1.0" encoding="UTF-8"?>
<!-- Generated by org.testng.reporters.JUnitXMLReporter -->
<testsuite ignored="1" hostname="DESKTOP-LFNQ669" failures="0" tests="2" name="Default test" time="0.068" errors="0" timestamp="2022-06-26T18:55:44 EDT">
  <testcase classname="testNG.SkipExceptionTest" name="skipTest2" time="0.011">
    <skipped/>
  </testcase> <!-- skipTest2 -->
  <testcase classname="testNG.SkipExceptionTest" name="skipTest3" time="0.003">
    <skipped/>
  </testcase> <!-- skipTest3 -->
  <testcase classname="testNG.SkipExceptionTest" name="skipTest1" time="0.0">
    <ignored/>
  </testcase> <!-- skipTest1 -->
</testsuite> <!-- Default test -->
