<?xml version="1.0" encoding="UTF-8"?>
<!-- Generated by org.testng.reporters.JUnitXMLReporter -->
<testsuite ignored="3" hostname="DESKTOP-LFNQ669" failures="0" tests="0" time="0.011" errors="0" timestamp="2022-05-20T10:58:41 EDT">
  <testcase classname="ui.LoginTest" name="signinTest" time="0.0">
    <ignored/>
  </testcase> <!-- signinTest -->
  <testcase classname="ui.LoginTest" name="dloginTest" time="0.0">
    <ignored/>
  </testcase> <!-- dloginTest -->
  <testcase classname="ui.LoginTest" name="alogoutTest" time="0.0">
    <ignored/>
  </testcase> <!-- alogoutTest -->
</testsuite>
