<?xml version="1.0" encoding="UTF-8"?>
<!-- Generated by org.testng.reporters.JUnitXMLReporter -->
<testsuite ignored="0" hostname="DESKTOP-LFNQ669" failures="0" tests="4" name="Test Before suite And Aftersuite" time="0.048" errors="0" timestamp="2022-05-19T23:58:08 EDT">
  <testcase classname="ui.GroupDemoTest2" name="bTest2" time="0.005"/>
  <testcase classname="ui.GroupDemoTest2" name="bTest3" time="0.002"/>
  <testcase classname="ui.GroupDemoTest2" name="aloginTest" time="0.001"/>
  <testcase classname="ui.GroupDemoTest2" name="blogoutTest" time="0.002"/>
</testsuite> <!-- Test Before suite And Aftersuite -->
