<?xml version="1.0" encoding="UTF-8"?>
<!-- Generated by org.testng.reporters.JUnitXMLReporter -->
<testsuite ignored="0" hostname="DESKTOP-LFNQ669" failures="1" tests="1" name="Reading browser details from testngxml" time="0.053" errors="0" timestamp="2022-05-20T10:13:28 EDT">
  <testcase classname="ui.LogTESTforxml" name="launchApplication" time="0.0">
    <failure type="org.testng.TestNGException" message="
Cannot inject @Test annotated Method [launchApplication] with [class java.lang.String].
For more information on native dependency injection please refer to https://testng.org/doc/documentation-main.html#native-dependency-injection">
      <![CDATA[org.testng.TestNGException: 
Cannot inject @Test annotated Method [launchApplication] with [class java.lang.String].
For more information on native dependency injection please refer to https://testng.org/doc/documentation-main.html#native-dependency-injection
at java.base/java.util.ArrayList.forEach(ArrayList.java:1511)
... Removed 26 stack frames]]>
    </failure>
  </testcase> <!-- launchApplication -->
</testsuite> <!-- Reading browser details from testngxml -->
